2025-10-01 11:25:46  INFO: Operating system name: Linux version: 6.6.87.2-microsoft-standard-WSL2 architecture: amd64
2025-10-01 11:25:46  INFO: Java runtime name: OpenJDK 64-Bit Server VM vendor: Eclipse Adoptium version: 21.0.8+9-LTS
2025-10-01 11:25:46  INFO: Memory limit heap: 942mb non-heap: 0mb
2025-10-01 11:25:46  INFO: Character encoding: UTF-8
2025-10-01 11:25:46  INFO: Version: 6.10.0
2025-10-01 11:25:46  INFO: Starting server...
2025-10-01 11:25:47  INFO: HikariPool-1 - Starting...
2025-10-01 11:25:47  INFO: HikariPool-1 - Added connection conn0: url=jdbc:h2:./data/database user=SA
2025-10-01 11:25:47  INFO: HikariPool-1 - Start completed.
2025-10-01 11:25:47  INFO: Set default schema name to PUBLIC
2025-10-01 11:25:47  INFO: Creating snapshot
2025-10-01 11:25:48  INFO: Successfully acquired change log lock
2025-10-01 11:25:48  INFO: Creating database changelog table with name: PUBLIC.DATABASECHANGELOG
2025-10-01 11:25:48  INFO: Clearing database change log checksums for database h2
2025-10-01 11:25:48  INFO: Successfully released change log lock
2025-10-01 11:25:48  INFO: Command execution complete
2025-10-01 11:25:48  INFO: Reading from PUBLIC.DATABASECHANGELOG
2025-10-01 11:25:49  INFO: Successfully acquired change log lock
2025-10-01 11:25:49  INFO: Using deploymentId: 9317947630
2025-10-01 11:25:49  INFO: Reading from PUBLIC.DATABASECHANGELOG
2025-10-01 11:25:49  INFO: Table tc_attributes created
2025-10-01 11:25:49  INFO: Table tc_calendars created
2025-10-01 11:25:49  INFO: Table tc_commands created
2025-10-01 11:25:49  INFO: Table tc_device_attribute created
2025-10-01 11:25:49  INFO: Table tc_device_command created
2025-10-01 11:25:49  INFO: Table tc_device_driver created
2025-10-01 11:25:49  INFO: Table tc_device_geofence created
2025-10-01 11:25:49  INFO: Table tc_device_maintenance created
2025-10-01 11:25:49  INFO: Table tc_device_notification created
2025-10-01 11:25:49  INFO: Table tc_devices created
2025-10-01 11:25:49  INFO: Table tc_drivers created
2025-10-01 11:25:49  INFO: Table tc_events created
2025-10-01 11:25:49  INFO: Table tc_geofences created
2025-10-01 11:25:49  INFO: Table tc_group_attribute created
2025-10-01 11:25:49  INFO: Table tc_group_command created
2025-10-01 11:25:49  INFO: Table tc_group_driver created
2025-10-01 11:25:49  INFO: Table tc_group_geofence created
2025-10-01 11:25:49  INFO: Table tc_group_maintenance created
2025-10-01 11:25:49  INFO: Table tc_group_notification created
2025-10-01 11:25:49  INFO: Table tc_groups created
2025-10-01 11:25:49  INFO: Table tc_maintenances created
2025-10-01 11:25:49  INFO: Table tc_notifications created
2025-10-01 11:25:49  INFO: Table tc_positions created
2025-10-01 11:25:49  INFO: Table tc_servers created
2025-10-01 11:25:49  INFO: Table tc_statistics created
2025-10-01 11:25:49  INFO: Table tc_user_attribute created
2025-10-01 11:25:49  INFO: Table tc_user_calendar created
2025-10-01 11:25:49  INFO: Table tc_user_command created
2025-10-01 11:25:49  INFO: Table tc_user_device created
2025-10-01 11:25:49  INFO: Table tc_user_driver created
2025-10-01 11:25:49  INFO: Table tc_user_geofence created
2025-10-01 11:25:49  INFO: Table tc_user_group created
2025-10-01 11:25:49  INFO: Table tc_user_maintenance created
2025-10-01 11:25:49  INFO: Table tc_user_notification created
2025-10-01 11:25:49  INFO: Table tc_user_user created
2025-10-01 11:25:49  INFO: Table tc_users created
2025-10-01 11:25:49  INFO: Foreign key constraint added to tc_device_command (commandid)
2025-10-01 11:25:49  INFO: Foreign key constraint added to tc_device_command (deviceid)
2025-10-01 11:25:49  INFO: Foreign key constraint added to tc_device_driver (deviceid)
2025-10-01 11:25:49  INFO: Foreign key constraint added to tc_device_driver (driverid)
2025-10-01 11:25:49  INFO: Foreign key constraint added to tc_device_geofence (deviceid)
2025-10-01 11:25:49  INFO: Foreign key constraint added to tc_device_geofence (geofenceid)
2025-10-01 11:25:49  INFO: Foreign key constraint added to tc_device_maintenance (deviceid)
2025-10-01 11:25:49  INFO: Foreign key constraint added to tc_device_maintenance (maintenanceid)
2025-10-01 11:25:49  INFO: Foreign key constraint added to tc_device_notification (deviceid)
2025-10-01 11:25:49  INFO: Foreign key constraint added to tc_device_notification (notificationid)
2025-10-01 11:25:49  INFO: Foreign key constraint added to tc_devices (groupid)
2025-10-01 11:25:49  INFO: Foreign key constraint added to tc_events (deviceid)
2025-10-01 11:25:49  INFO: Foreign key constraint added to tc_geofences (calendarid)
2025-10-01 11:25:49  INFO: Foreign key constraint added to tc_group_attribute (attributeid)
2025-10-01 11:25:49  INFO: Foreign key constraint added to tc_group_attribute (groupid)
2025-10-01 11:25:49  INFO: Foreign key constraint added to tc_group_command (commandid)
2025-10-01 11:25:49  INFO: Foreign key constraint added to tc_group_command (groupid)
2025-10-01 11:25:49  INFO: Foreign key constraint added to tc_group_driver (driverid)
2025-10-01 11:25:49  INFO: Foreign key constraint added to tc_group_driver (groupid)
2025-10-01 11:25:49  INFO: Foreign key constraint added to tc_group_geofence (geofenceid)
2025-10-01 11:25:49  INFO: Foreign key constraint added to tc_group_geofence (groupid)
2025-10-01 11:25:49  INFO: Foreign key constraint added to tc_group_maintenance (groupid)
2025-10-01 11:25:49  INFO: Foreign key constraint added to tc_group_maintenance (maintenanceid)
2025-10-01 11:25:49  INFO: Foreign key constraint added to tc_group_notification (groupid)
2025-10-01 11:25:49  INFO: Foreign key constraint added to tc_group_notification (notificationid)
2025-10-01 11:25:49  INFO: Foreign key constraint added to tc_notifications (calendarid)
2025-10-01 11:25:49  INFO: Foreign key constraint added to tc_positions (deviceid)
2025-10-01 11:25:49  INFO: Foreign key constraint added to tc_user_attribute (attributeid)
2025-10-01 11:25:49  INFO: Foreign key constraint added to tc_user_attribute (userid)
2025-10-01 11:25:49  INFO: Foreign key constraint added to tc_user_calendar (calendarid)
2025-10-01 11:25:49  INFO: Foreign key constraint added to tc_user_calendar (userid)
2025-10-01 11:25:49  INFO: Foreign key constraint added to tc_user_command (commandid)
2025-10-01 11:25:49  INFO: Foreign key constraint added to tc_user_command (userid)
2025-10-01 11:25:49  INFO: Foreign key constraint added to tc_device_attribute (attributeid)
2025-10-01 11:25:49  INFO: Foreign key constraint added to tc_device_attribute (deviceid)
2025-10-01 11:25:49  INFO: Foreign key constraint added to tc_user_device (deviceid)
2025-10-01 11:25:49  INFO: Foreign key constraint added to tc_user_device (userid)
2025-10-01 11:25:49  INFO: Foreign key constraint added to tc_user_driver (driverid)
2025-10-01 11:25:49  INFO: Foreign key constraint added to tc_user_driver (userid)
2025-10-01 11:25:49  INFO: Foreign key constraint added to tc_user_geofence (geofenceid)
2025-10-01 11:25:49  INFO: Foreign key constraint added to tc_user_geofence (userid)
2025-10-01 11:25:49  INFO: Foreign key constraint added to tc_user_group (groupid)
2025-10-01 11:25:49  INFO: Foreign key constraint added to tc_user_group (userid)
2025-10-01 11:25:49  INFO: Foreign key constraint added to tc_user_maintenance (maintenanceid)
2025-10-01 11:25:49  INFO: Foreign key constraint added to tc_user_maintenance (userid)
2025-10-01 11:25:49  INFO: Foreign key constraint added to tc_user_notification (notificationid)
2025-10-01 11:25:49  INFO: Foreign key constraint added to tc_user_notification (userid)
2025-10-01 11:25:49  INFO: Foreign key constraint added to tc_user_user (userid)
2025-10-01 11:25:49  INFO: New row inserted into tc_servers
2025-10-01 11:25:49  INFO: ChangeSet changelog-4.0-clean::changelog-4.0-clean::author ran successfully in 369ms
2025-10-01 11:25:49  INFO: Foreign key constraint added to tc_groups (groupid)
2025-10-01 11:25:49  INFO: Foreign key constraint added to tc_user_user (manageduserid)
2025-10-01 11:25:49  INFO: ChangeSet changelog-4.0-clean::changelog-4.0-clean-common::author ran successfully in 9ms
2025-10-01 11:25:50  INFO: Marking ChangeSet: "changelog-4.1::changelog-4.1-mssql::author" as ran despite precondition failure due to onFail='MARK_RAN': 
          schema/changelog-master.xml : DBMS Precondition failed: expected mssql, got h2

2025-10-01 11:25:50  INFO: Creating snapshot
2025-10-01 11:25:50  INFO: Index user_device_user_id created
2025-10-01 11:25:50  INFO: Index position_deviceid_fixtime created
2025-10-01 11:25:50  INFO: ChangeSet changelog-4.7::changelog-4.7::author ran successfully in 26ms
2025-10-01 11:25:50  INFO: Index event_deviceid_servertime created
2025-10-01 11:25:50  INFO: ChangeSet changelog-4.9::changelog-4.9::author ran successfully in 3ms
2025-10-01 11:25:50  INFO: Columns protocols(VARCHAR(4096)) added to tc_statistics
2025-10-01 11:25:50  INFO: ChangeSet changelog-4.10::changelog-4.10::author ran successfully in 14ms
2025-10-01 11:25:50  INFO: Columns announcement(VARCHAR(4000)) added to tc_servers
2025-10-01 11:25:50  INFO: ChangeSet changelog-4.11::changelog-4.11::author ran successfully in 5ms
2025-10-01 11:25:50  INFO: Column tc_events.servertime renamed to eventtime
2025-10-01 11:25:50  INFO: ChangeSet changelog-4.13::changelog-4.13::author ran successfully in 2ms
2025-10-01 11:25:50  INFO: Table tc_orders created
2025-10-01 11:25:50  INFO: Table tc_user_order created
2025-10-01 11:25:50  INFO: Foreign key constraint added to tc_user_order (userid)
2025-10-01 11:25:50  INFO: Foreign key constraint added to tc_user_order (orderid)
2025-10-01 11:25:50  INFO: Table tc_group_order created
2025-10-01 11:25:50  INFO: Foreign key constraint added to tc_group_order (groupid)
2025-10-01 11:25:50  INFO: Foreign key constraint added to tc_group_order (orderid)
2025-10-01 11:25:50  INFO: Table tc_device_order created
2025-10-01 11:25:50  INFO: Foreign key constraint added to tc_device_order (deviceid)
2025-10-01 11:25:50  INFO: Foreign key constraint added to tc_device_order (orderid)
2025-10-01 11:25:50  INFO: ChangeSet changelog-4.15::changelog-4.15::author ran successfully in 37ms
2025-10-01 11:25:50  INFO: Columns disablereports(BOOLEAN) added to tc_servers
2025-10-01 11:25:50  INFO: Columns disablereports(BOOLEAN) added to tc_users
2025-10-01 11:25:50  INFO: Column tc_orders.toAddress renamed to toaddresstmp
2025-10-01 11:25:50  INFO: Column tc_orders.fromAddress renamed to fromaddresstmp
2025-10-01 11:25:50  INFO: Column tc_orders.toaddresstmp renamed to toaddress
2025-10-01 11:25:50  INFO: Column tc_orders.fromaddresstmp renamed to fromaddress
2025-10-01 11:25:50  INFO: ChangeSet changelog-5.0::changelog-5.0::author ran successfully in 91ms
2025-10-01 11:25:50  INFO: Index idx_drivers_uniqueid created
2025-10-01 11:25:50  INFO: Index idx_devices_uniqueid created
2025-10-01 11:25:50  INFO: Index idx_users_email created
2025-10-01 11:25:50  INFO: Index idx_users_login created
2025-10-01 11:25:50  INFO: Index idx_users_token created
2025-10-01 11:25:50  INFO: Columns overlayurl(VARCHAR(512)) added to tc_servers
2025-10-01 11:25:50  INFO: ChangeSet changelog-5.1::changelog-5.1::author ran successfully in 17ms
2025-10-01 11:25:50  INFO: Columns status(CHAR(8)) added to tc_devices
2025-10-01 11:25:50  INFO: Columns geofenceids(VARCHAR(128)) added to tc_devices
2025-10-01 11:25:50  INFO: ChangeSet changelog-5.2::changelog-5.2::author ran successfully in 23ms
2025-10-01 11:25:50  INFO: Columns fixedemail(BOOLEAN) added to tc_servers
2025-10-01 11:25:50  INFO: Columns fixedemail(BOOLEAN) added to tc_users
2025-10-01 11:25:50  INFO: Columns expirationtime(TIMESTAMP) added to tc_devices
2025-10-01 11:25:50  INFO: Table tc_keystore created
2025-10-01 11:25:50  INFO: Index idx_users_token dropped from table tc_users
2025-10-01 11:25:50  INFO: Column tc_users.token dropped
2025-10-01 11:25:50  INFO: ChangeSet changelog-5.3::changelog-5.3::author ran successfully in 42ms
2025-10-01 11:25:50  INFO: Columns motionstate(BOOLEAN),motiontime(TIMESTAMP),motiondistance(DOUBLE),overspeedstate(BOOLEAN),overspeedtime(TIMESTAMP),overspeedgeofenceid(INT) added to tc_devices
2025-10-01 11:25:50  INFO: Table tc_commands_queue created
2025-10-01 11:25:50  INFO: Foreign key constraint added to tc_commands_queue (deviceid)
2025-10-01 11:25:50  INFO: Index idx_commands_queue_deviceid created
2025-10-01 11:25:50  INFO: ChangeSet changelog-5.4::changelog-5.4::author ran successfully in 54ms
2025-10-01 11:25:50  INFO: Column tc_commands_queue.description dropped
2025-10-01 11:25:50  INFO: ChangeSet changelog-5.5::changelog-5.5::author ran successfully in 3ms
2025-10-01 11:25:50  INFO: Columns motionstreak(BOOLEAN) added to tc_devices
2025-10-01 11:25:50  INFO: Table tc_reports created
2025-10-01 11:25:50  INFO: Foreign key constraint added to tc_reports (calendarid)
2025-10-01 11:25:50  INFO: Table tc_user_report created
2025-10-01 11:25:50  INFO: Foreign key constraint added to tc_user_report (userid)
2025-10-01 11:25:50  INFO: Foreign key constraint added to tc_user_report (reportid)
2025-10-01 11:25:50  INFO: Table tc_group_report created
2025-10-01 11:25:50  INFO: Foreign key constraint added to tc_group_report (groupid)
2025-10-01 11:25:50  INFO: Foreign key constraint added to tc_group_report (reportid)
2025-10-01 11:25:50  INFO: Table tc_device_report created
2025-10-01 11:25:50  INFO: Foreign key constraint added to tc_device_report (deviceid)
2025-10-01 11:25:50  INFO: Foreign key constraint added to tc_device_report (reportid)
2025-10-01 11:25:50  INFO: ChangeSet changelog-5.6::changelog-5.6::author ran successfully in 48ms
2025-10-01 11:25:50  INFO: Columns commandid(INT) added to tc_notifications
2025-10-01 11:25:50  INFO: Foreign key constraint added to tc_notifications (commandid)
2025-10-01 11:25:50  INFO: ChangeSet changelog-5.7::changelog-5.7::author ran successfully in 10ms
2025-10-01 11:25:50  INFO: Column tc_devices.geofenceids dropped
2025-10-01 11:25:50  INFO: Columns geofenceids(VARCHAR(128)) added to tc_positions
2025-10-01 11:25:50  INFO: ChangeSet changelog-5.8::changelog-5.8::author ran successfully in 12ms
2025-10-01 11:25:50  INFO: Columns calendarid(INT) added to tc_devices
2025-10-01 11:25:50  INFO: Foreign key constraint added to tc_devices (calendarid)
2025-10-01 11:25:50  INFO: ChangeSet changelog-5.9::changelog-5.9::author ran successfully in 9ms
2025-10-01 11:25:50  INFO: Columns totpkey(VARCHAR(64)) added to tc_users
2025-10-01 11:25:50  INFO: ChangeSet changelog-5.10::changelog-5.10::author ran successfully in 7ms
2025-10-01 11:25:50  INFO: Columns temporary(BOOLEAN) added to tc_users
2025-10-01 11:25:50  INFO: ChangeSet changelog-5.11::changelog-5.11::author ran successfully in 7ms
2025-10-01 11:25:50  INFO: Column tc_servers.twelvehourformat dropped
2025-10-01 11:25:50  INFO: Column tc_users.twelvehourformat dropped
2025-10-01 11:25:50  INFO: Columns priority(INT) added to tc_attributes
2025-10-01 11:25:50  INFO: ChangeSet changelog-6.2::changelog-6.2::author ran successfully in 16ms
2025-10-01 11:25:50  INFO: Creating snapshot
2025-10-01 11:25:50  INFO: Marking ChangeSet: "changelog-6.3::changelog-6.3-old::author" as ran despite precondition failure due to onFail='MARK_RAN': 
          schema/changelog-master.xml : Foreign Key PUBLIC.fk_event_deviceid does not exist

2025-10-01 11:25:50  INFO: Foreign key fk_events_deviceid dropped
2025-10-01 11:25:50  INFO: Foreign key fk_positions_deviceid dropped
2025-10-01 11:25:50  INFO: ChangeSet changelog-6.3::changelog-6.3-new::author ran successfully in 9ms
2025-10-01 11:25:50  INFO: Columns description(VARCHAR(4000)) added to tc_notifications
2025-10-01 11:25:50  INFO: ChangeSet changelog-6.6::changelog-6.6::author ran successfully in 5ms
2025-10-01 11:25:50  INFO: Creating snapshot
2025-10-01 11:25:50  INFO: Table tc_actions created
2025-10-01 11:25:50  INFO: ChangeSet changelog-6.7.0::changelog-6.7.0::author ran successfully in 9ms
2025-10-01 11:25:50  INFO: Marking ChangeSet: "changelog-6.8.0::changelog-6.8.0-timescale::author" as ran despite precondition failure due to onFail='MARK_RAN': 
          schema/changelog-master.xml : DBMS Precondition failed: expected postgresql, got h2

2025-10-01 11:25:50  INFO: Columns motionpositionid(INT) added to tc_devices
2025-10-01 11:25:50  INFO: ChangeSet changelog-6.9.0::changelog-6.9.0::author ran successfully in 9ms
2025-10-01 11:25:50  INFO: UPDATE SUMMARY
2025-10-01 11:25:50  INFO: Run:                         28
2025-10-01 11:25:50  INFO: Previously run:               0
2025-10-01 11:25:50  INFO: Filtered out:                 0
2025-10-01 11:25:50  INFO: -------------------------------
2025-10-01 11:25:50  INFO: Total change sets:           28
2025-10-01 11:25:50  INFO: Update summary generated
2025-10-01 11:25:50  INFO: Update command completed successfully.
2025-10-01 11:25:50  INFO: Successfully released change log lock
2025-10-01 11:25:50  INFO: Command execution complete
2025-10-01 11:25:52  INFO: jetty-12.1.1; built: 2025-09-08T04:29:45.457Z; git: b7068950f9afa5f1df80e46053eda1d982895b03; jvm 21.0.8+9-LTS
2025-10-01 11:25:52  INFO: Session workerName=node0
2025-10-01 11:25:52  INFO: Started oeje10s.ServletContextHandler@1592e540{ROOT,/,b=file:///opt/traccar/web/,a=AVAILABLE,h=oeje10s.SessionHandler@3e2772a9{STARTED}}
2025-10-01 11:25:52  INFO: Started oeje10s.ServletContextHandler@1592e540{ROOT,/,b=file:///opt/traccar/web/,a=AVAILABLE,h=oeje10s.SessionHandler@3e2772a9{STARTED}}
2025-10-01 11:25:52  INFO: Started oejs.ServerConnector@42d7e8bc{HTTP/1.1, (http/1.1)}{0.0.0.0:8082}
2025-10-01 11:25:52  INFO: Started oejs.Server@627d5f99{STARTING}[12.1.1,sto=0] @6926ms
2025-10-01 11:26:52  INFO: login failed from: 172.18.0.1
2025-10-01 11:35:13  INFO: Operating system name: Linux version: 6.6.87.2-microsoft-standard-WSL2 architecture: amd64
2025-10-01 11:35:13  INFO: Java runtime name: OpenJDK 64-Bit Server VM vendor: Eclipse Adoptium version: 21.0.8+9-LTS
2025-10-01 11:35:13  INFO: Memory limit heap: 942mb non-heap: 0mb
2025-10-01 11:35:13  INFO: Character encoding: UTF-8
2025-10-01 11:35:13  INFO: Version: 6.10.0
2025-10-01 11:35:13  INFO: Starting server...
2025-10-01 11:35:13  INFO: HikariPool-1 - Starting...
2025-10-01 11:35:13  INFO: HikariPool-1 - Added connection conn0: url=jdbc:h2:./data/database user=SA
2025-10-01 11:35:13  INFO: HikariPool-1 - Start completed.
2025-10-01 11:35:14  INFO: Set default schema name to PUBLIC
2025-10-01 11:35:14  INFO: Successfully acquired change log lock
2025-10-01 11:35:14  INFO: Clearing database change log checksums for database h2
2025-10-01 11:35:14  INFO: Successfully released change log lock
2025-10-01 11:35:14  INFO: Command execution complete
2025-10-01 11:35:15  INFO: Reading from PUBLIC.DATABASECHANGELOG
2025-10-01 11:35:16  INFO: Reading from PUBLIC.DATABASECHANGELOG
2025-10-01 11:35:16  INFO: Reading from PUBLIC.DATABASECHANGELOG
2025-10-01 11:35:16  INFO: UPDATE SUMMARY
2025-10-01 11:35:16  INFO: Run:                          0
2025-10-01 11:35:16  INFO: Previously run:              28
2025-10-01 11:35:16  INFO: Filtered out:                 0
2025-10-01 11:35:16  INFO: -------------------------------
2025-10-01 11:35:16  INFO: Total change sets:           28
2025-10-01 11:35:16  INFO: Update summary generated
2025-10-01 11:35:16  INFO: Command execution complete
2025-10-01 11:35:17  INFO: jetty-12.1.1; built: 2025-09-08T04:29:45.457Z; git: b7068950f9afa5f1df80e46053eda1d982895b03; jvm 21.0.8+9-LTS
2025-10-01 11:35:18  INFO: Session workerName=node0
2025-10-01 11:35:18  INFO: Started oeje10s.ServletContextHandler@24b3f778{ROOT,/,b=file:///opt/traccar/web/,a=AVAILABLE,h=oeje10s.SessionHandler@164dea80{STARTED}}
2025-10-01 11:35:18  INFO: Started oeje10s.ServletContextHandler@24b3f778{ROOT,/,b=file:///opt/traccar/web/,a=AVAILABLE,h=oeje10s.SessionHandler@164dea80{STARTED}}
2025-10-01 11:35:18  INFO: Started oejs.ServerConnector@7f792530{HTTP/1.1, (http/1.1)}{0.0.0.0:8082}
2025-10-01 11:35:18  INFO: Started oejs.Server@1aef7428{STARTING}[12.1.1,sto=0] @6997ms
2025-10-01 11:43:09  INFO: [T5a39bc55] connected
2025-10-01 11:43:09  INFO: [T5a39bc55: osmand < 172.18.0.1] GET /?id=demo-01&lat=-16.328&lon=-48.953&accuracy=10 HTTP/1.1\r\nHost: localhost:5055\r\nUser-Agent: curl/8.14.1\r\nAccept: */*\r\n\r\n
2025-10-01 11:43:09  WARN: Unknown device - demo-01 (172.18.0.1)
2025-10-01 11:43:09  INFO: [T5a39bc55: osmand > 172.18.0.1] HTTP/1.1 400 Bad Request\r\ncontent-length: 0\r\n\r\n
2025-10-01 11:43:09  INFO: [T5a39bc55] disconnected
2025-10-01 16:51:09  INFO: Operating system name: Linux version: 6.6.87.2-microsoft-standard-WSL2 architecture: amd64
2025-10-01 16:51:09  INFO: Java runtime name: OpenJDK 64-Bit Server VM vendor: Eclipse Adoptium version: 21.0.8+9-LTS
2025-10-01 16:51:09  INFO: Memory limit heap: 942mb non-heap: 0mb
2025-10-01 16:51:09  INFO: Character encoding: UTF-8
2025-10-01 16:51:09  INFO: Version: 6.10.0
2025-10-01 16:51:09  INFO: Starting server...
2025-10-01 16:51:10  INFO: HikariPool-1 - Starting...
2025-10-01 16:51:10  INFO: HikariPool-1 - Added connection conn0: url=jdbc:h2:./data/database user=SA
2025-10-01 16:51:10  INFO: HikariPool-1 - Start completed.
2025-10-01 16:51:11  INFO: Set default schema name to PUBLIC
2025-10-01 16:51:11  INFO: Successfully acquired change log lock
2025-10-01 16:51:11  INFO: Clearing database change log checksums for database h2
2025-10-01 16:51:11  INFO: Successfully released change log lock
2025-10-01 16:51:11  INFO: Command execution complete
2025-10-01 16:51:12  INFO: Reading from PUBLIC.DATABASECHANGELOG
2025-10-01 16:51:13  INFO: Reading from PUBLIC.DATABASECHANGELOG
2025-10-01 16:51:13  INFO: Reading from PUBLIC.DATABASECHANGELOG
2025-10-01 16:51:13  INFO: UPDATE SUMMARY
2025-10-01 16:51:13  INFO: Run:                          0
2025-10-01 16:51:13  INFO: Previously run:              28
2025-10-01 16:51:13  INFO: Filtered out:                 0
2025-10-01 16:51:13  INFO: -------------------------------
2025-10-01 16:51:13  INFO: Total change sets:           28
2025-10-01 16:51:13  INFO: Update summary generated
2025-10-01 16:51:13  INFO: Command execution complete
2025-10-01 16:51:14  INFO: jetty-12.1.1; built: 2025-09-08T04:29:45.457Z; git: b7068950f9afa5f1df80e46053eda1d982895b03; jvm 21.0.8+9-LTS
2025-10-01 16:51:14  INFO: Session workerName=node0
2025-10-01 16:51:14  INFO: Started oeje10s.ServletContextHandler@4ef8090b{ROOT,/,b=file:///opt/traccar/web/,a=AVAILABLE,h=oeje10s.SessionHandler@6d31f14{STARTED}}
2025-10-01 16:51:15  INFO: Started oeje10s.ServletContextHandler@4ef8090b{ROOT,/,b=file:///opt/traccar/web/,a=AVAILABLE,h=oeje10s.SessionHandler@6d31f14{STARTED}}
2025-10-01 16:51:15  INFO: Started oejs.ServerConnector@75a5e02e{HTTP/1.1, (http/1.1)}{0.0.0.0:8082}
2025-10-01 16:51:15  INFO: Started oejs.Server@7865cc83{STARTING}[12.1.1,sto=0] @7866ms
2025-10-01 18:49:30  INFO: [Tcc9ff15b] connected
2025-10-01 18:49:30  INFO: [Tcc9ff15b: osmand < 172.18.0.1] GET /?id=demo-01&lat=-16.328&lon=-48.953&accuracy=10 HTTP/1.1\r\nUser-Agent: Mozilla/5.0 (Windows NT; Windows NT 10.0; pt-BR) WindowsPowerShell/5.1.26100.6584\r\nHost: localhost:5055\r\nConnection: Keep-Alive\r\n\r\n
2025-10-01 18:49:30  INFO: [Tcc9ff15b: osmand > 172.18.0.1] HTTP/1.1 200 OK\r\ncontent-length: 0\r\n\r\n
2025-10-01 18:49:30  INFO: Event id: demo-01, time: 2025-10-01 18:49:30, type: deviceOnline, notifications: 0
2025-10-01 18:49:33  INFO: [Tcc9ff15b] id: demo-01, time: 2025-10-01 18:49:30, lat: -16.32800, lon: -48.95300, course: 0.0, accuracy: 10.0
2025-10-01 18:51:10  INFO: [Tcc9ff15b] disconnected
2025-10-01 18:51:25  INFO: [Tc6a6e262] connected
2025-10-01 18:51:25  INFO: [Tc6a6e262: osmand < 172.18.0.1] GET /?id=demo-02&lat=-16.328&lon=-48.953&accuracy=10 HTTP/1.1\r\nUser-Agent: Mozilla/5.0 (Windows NT; Windows NT 10.0; pt-BR) WindowsPowerShell/5.1.26100.6584\r\nHost: localhost:5055\r\nConnection: Keep-Alive\r\n\r\n
2025-10-01 18:51:25  INFO: [Tc6a6e262: osmand > 172.18.0.1] HTTP/1.1 200 OK\r\ncontent-length: 0\r\n\r\n
2025-10-01 18:51:25  INFO: Event id: demo-02, time: 2025-10-01 18:51:25, type: deviceOnline, notifications: 0
2025-10-01 18:51:28  INFO: [Tc6a6e262] id: demo-02, time: 2025-10-01 18:51:25, lat: -16.32800, lon: -48.95300, course: 0.0, accuracy: 10.0
2025-10-01 18:53:05  INFO: [Tc6a6e262] disconnected
2025-10-01 18:56:10  INFO: [Td13db8ff] connected
2025-10-01 18:56:10  INFO: [Td13db8ff: osmand < 172.18.0.1] GET /?id=teste-03&lat=-16.328&lon=-48.953&accuracy=10 HTTP/1.1\r\nUser-Agent: Mozilla/5.0 (Windows NT; Windows NT 10.0; pt-BR) WindowsPowerShell/5.1.26100.6584\r\nHost: localhost:5055\r\nConnection: Keep-Alive\r\n\r\n
2025-10-01 18:56:10  INFO: [Td13db8ff: osmand > 172.18.0.1] HTTP/1.1 200 OK\r\ncontent-length: 0\r\n\r\n
2025-10-01 18:56:10  INFO: Event id: teste-03, time: 2025-10-01 18:56:10, type: deviceOnline, notifications: 0
2025-10-01 18:56:14  INFO: [Td13db8ff] id: teste-03, time: 2025-10-01 18:56:10, lat: -16.32800, lon: -48.95300, course: 0.0, accuracy: 10.0
2025-10-01 18:57:50  INFO: [Td13db8ff] disconnected
2025-10-01 18:58:00  INFO: [Td80516fa] connected
2025-10-01 18:58:00  INFO: [Td80516fa: osmand < 172.18.0.1] GET /?id=teste-04&lat=-16.328&lon=-48.953&accuracy=10 HTTP/1.1\r\nUser-Agent: Mozilla/5.0 (Windows NT; Windows NT 10.0; pt-BR) WindowsPowerShell/5.1.26100.6584\r\nHost: localhost:5055\r\nConnection: Keep-Alive\r\n\r\n
2025-10-01 18:58:00  INFO: [Td80516fa: osmand > 172.18.0.1] HTTP/1.1 200 OK\r\ncontent-length: 0\r\n\r\n
2025-10-01 18:58:00  INFO: Event id: teste-04, time: 2025-10-01 18:58:00, type: deviceOnline, notifications: 0
2025-10-01 18:58:03  INFO: [Td80516fa] id: teste-04, time: 2025-10-01 18:58:00, lat: -16.32800, lon: -48.95300, course: 0.0, accuracy: 10.0
2025-10-01 18:59:30  INFO: Event id: demo-01, time: 2025-10-01 18:59:30, type: deviceUnknown, notifications: 0
2025-10-01 18:59:40  INFO: [Td80516fa] disconnected
2025-10-01 19:01:25  INFO: Event id: demo-02, time: 2025-10-01 19:01:25, type: deviceUnknown, notifications: 0
2025-10-01 19:06:10  INFO: Event id: teste-03, time: 2025-10-01 19:06:10, type: deviceUnknown, notifications: 0
2025-10-01 19:08:00  INFO: Event id: teste-04, time: 2025-10-01 19:08:00, type: deviceUnknown, notifications: 0
2025-10-04 20:27:22  INFO: Operating system name: Linux version: 6.6.87.2-microsoft-standard-WSL2 architecture: amd64
2025-10-04 20:27:22  INFO: Java runtime name: OpenJDK 64-Bit Server VM vendor: Eclipse Adoptium version: 21.0.8+9-LTS
2025-10-04 20:27:22  INFO: Memory limit heap: 942mb non-heap: 0mb
2025-10-04 20:27:22  INFO: Character encoding: UTF-8
2025-10-04 20:27:22  INFO: Version: 6.10.0
2025-10-04 20:27:22  INFO: Starting server...
2025-10-04 20:27:22  INFO: HikariPool-1 - Starting...
2025-10-04 20:27:23  INFO: HikariPool-1 - Added connection conn0: url=jdbc:h2:./data/database user=SA
2025-10-04 20:27:23  INFO: HikariPool-1 - Start completed.
2025-10-04 20:27:23  INFO: Set default schema name to PUBLIC
2025-10-04 20:27:24  INFO: Successfully acquired change log lock
2025-10-04 20:27:24  INFO: Clearing database change log checksums for database h2
2025-10-04 20:27:24  INFO: Successfully released change log lock
2025-10-04 20:27:24  INFO: Command execution complete
2025-10-04 20:27:24  INFO: Reading from PUBLIC.DATABASECHANGELOG
2025-10-04 20:27:25  INFO: Reading from PUBLIC.DATABASECHANGELOG
2025-10-04 20:27:25  INFO: Reading from PUBLIC.DATABASECHANGELOG
2025-10-04 20:27:25  INFO: UPDATE SUMMARY
2025-10-04 20:27:25  INFO: Run:                          0
2025-10-04 20:27:25  INFO: Previously run:              28
2025-10-04 20:27:25  INFO: Filtered out:                 0
2025-10-04 20:27:25  INFO: -------------------------------
2025-10-04 20:27:25  INFO: Total change sets:           28
2025-10-04 20:27:25  INFO: Update summary generated
2025-10-04 20:27:25  INFO: Command execution complete
2025-10-04 20:27:26  INFO: jetty-12.1.1; built: 2025-09-08T04:29:45.457Z; git: b7068950f9afa5f1df80e46053eda1d982895b03; jvm 21.0.8+9-LTS
2025-10-04 20:27:27  INFO: Session workerName=node0
2025-10-04 20:27:27  INFO: Started oeje10s.ServletContextHandler@6d31f14{ROOT,/,b=file:///opt/traccar/web/,a=AVAILABLE,h=oeje10s.SessionHandler@404009df{STARTED}}
2025-10-04 20:27:27  INFO: Started oeje10s.ServletContextHandler@6d31f14{ROOT,/,b=file:///opt/traccar/web/,a=AVAILABLE,h=oeje10s.SessionHandler@404009df{STARTED}}
2025-10-04 20:27:27  INFO: Started oejs.ServerConnector@1d0f7bcf{HTTP/1.1, (http/1.1)}{0.0.0.0:8082}
2025-10-04 20:27:27  INFO: Started oejs.Server@3346e906{STARTING}[12.1.1,sto=0] @8011ms
2025-10-04 21:12:36  INFO: [T018a7977] connected
2025-10-04 21:12:36  INFO: [T018a7977: osmand < 172.18.0.1] GET /?id=demo-01&lat=-16.328&lon=-48.953&accuracy=10 HTTP/1.1\r\nUser-Agent: Mozilla/5.0 (Windows NT; Windows NT 10.0; pt-BR) WindowsPowerShell/5.1.26100.6584\r\nHost: localhost:5055\r\nConnection: Keep-Alive\r\n\r\n
2025-10-04 21:12:36  INFO: [T018a7977: osmand > 172.18.0.1] HTTP/1.1 200 OK\r\ncontent-length: 0\r\n\r\n
2025-10-04 21:12:36  INFO: Event id: demo-01, time: 2025-10-04 21:12:36, type: deviceOnline, notifications: 0
2025-10-04 21:12:40  INFO: Skipping notifications for old event
2025-10-04 21:12:40  INFO: [T018a7977] id: demo-01, time: 2025-10-04 21:12:36, lat: -16.32800, lon: -48.95300, course: 0.0, accuracy: 10.0
2025-10-04 21:13:59  INFO: [T018a7977: osmand < 172.18.0.1] GET /?id=demo-01&lat=-16.360&lon=-48.953&accuracy=10 HTTP/1.1\r\nUser-Agent: Mozilla/5.0 (Windows NT; Windows NT 10.0; pt-BR) WindowsPowerShell/5.1.26100.6584\r\nHost: localhost:5055\r\n\r\n
2025-10-04 21:13:59  INFO: [T018a7977: osmand > 172.18.0.1] HTTP/1.1 200 OK\r\ncontent-length: 0\r\n\r\n
2025-10-04 21:14:02  INFO: [T018a7977] id: demo-01, time: 2025-10-04 21:13:59, lat: -16.36000, lon: -48.95300, course: 0.0, accuracy: 10.0
2025-10-04 21:15:39  INFO: [T018a7977] disconnected
2025-10-05 15:41:11  INFO: Operating system name: Linux version: 6.6.87.2-microsoft-standard-WSL2 architecture: amd64
2025-10-05 15:41:11  INFO: Java runtime name: OpenJDK 64-Bit Server VM vendor: Eclipse Adoptium version: 21.0.8+9-LTS
2025-10-05 15:41:11  INFO: Memory limit heap: 942mb non-heap: 0mb
2025-10-05 15:41:11  INFO: Character encoding: UTF-8
2025-10-05 15:41:11  INFO: Version: 6.10.0
2025-10-05 15:41:11  INFO: Starting server...
2025-10-05 15:41:12  INFO: HikariPool-1 - Starting...
2025-10-05 15:41:13  INFO: HikariPool-1 - Added connection conn0: url=jdbc:h2:./data/database user=SA
2025-10-05 15:41:13  INFO: HikariPool-1 - Start completed.
2025-10-05 15:41:13  INFO: Set default schema name to PUBLIC
2025-10-05 15:41:13  INFO: Successfully acquired change log lock
2025-10-05 15:41:13  INFO: Clearing database change log checksums for database h2
2025-10-05 15:41:13  INFO: Successfully released change log lock
2025-10-05 15:41:13  INFO: Command execution complete
2025-10-05 15:41:14  INFO: Reading from PUBLIC.DATABASECHANGELOG
2025-10-05 15:41:15  INFO: Reading from PUBLIC.DATABASECHANGELOG
2025-10-05 15:41:15  INFO: Reading from PUBLIC.DATABASECHANGELOG
2025-10-05 15:41:15  INFO: UPDATE SUMMARY
2025-10-05 15:41:15  INFO: Run:                          0
2025-10-05 15:41:15  INFO: Previously run:              28
2025-10-05 15:41:15  INFO: Filtered out:                 0
2025-10-05 15:41:15  INFO: -------------------------------
2025-10-05 15:41:15  INFO: Total change sets:           28
2025-10-05 15:41:15  INFO: Update summary generated
2025-10-05 15:41:15  INFO: Command execution complete
2025-10-05 15:41:18  INFO: jetty-12.1.1; built: 2025-09-08T04:29:45.457Z; git: b7068950f9afa5f1df80e46053eda1d982895b03; jvm 21.0.8+9-LTS
2025-10-05 15:41:18  INFO: Session workerName=node0
2025-10-05 15:41:18  INFO: Started oeje10s.ServletContextHandler@65ef9a0a{ROOT,/,b=file:///opt/traccar/web/,a=AVAILABLE,h=oeje10s.SessionHandler@25216999{STARTED}}
2025-10-05 15:41:19  INFO: Started oeje10s.ServletContextHandler@65ef9a0a{ROOT,/,b=file:///opt/traccar/web/,a=AVAILABLE,h=oeje10s.SessionHandler@25216999{STARTED}}
2025-10-05 15:41:19  INFO: Started oejs.ServerConnector@75a5e02e{HTTP/1.1, (http/1.1)}{0.0.0.0:8082}
2025-10-05 15:41:19  INFO: Started oejs.Server@753e4eb5{STARTING}[12.1.1,sto=0] @10994ms
2025-10-05 16:00:35  INFO: [T29183e92] connected
2025-10-05 16:00:35  INFO: [T29183e92: osmand < 172.18.0.1] GET /?id=demo-01&lat=-16.328&lon=-48.953&accuracy=10 HTTP/1.1\r\nUser-Agent: Mozilla/5.0 (Windows NT; Windows NT 10.0; pt-BR) WindowsPowerShell/5.1.26100.6584\r\nHost: localhost:5055\r\nConnection: Keep-Alive\r\n\r\n
2025-10-05 16:00:35  INFO: [T29183e92: osmand > 172.18.0.1] HTTP/1.1 200 OK\r\ncontent-length: 0\r\n\r\n
2025-10-05 16:00:35  INFO: Event id: demo-01, time: 2025-10-05 16:00:35, type: deviceOnline, notifications: 0
2025-10-05 16:00:38  INFO: Skipping notifications for old event
2025-10-05 16:00:38  INFO: [T29183e92] id: demo-01, time: 2025-10-05 16:00:35, lat: -16.32800, lon: -48.95300, course: 0.0, accuracy: 10.0
2025-10-05 16:00:47  INFO: [T29183e92: osmand < 172.18.0.1] GET /?id=demo-01&lat=-16.328&lon=-48.953&accuracy=10 HTTP/1.1\r\nUser-Agent: Mozilla/5.0 (Windows NT; Windows NT 10.0; pt-BR) WindowsPowerShell/5.1.26100.6584\r\nHost: localhost:5055\r\n\r\n
2025-10-05 16:00:47  INFO: [T29183e92: osmand > 172.18.0.1] HTTP/1.1 200 OK\r\ncontent-length: 0\r\n\r\n
2025-10-05 16:00:50  INFO: [T29183e92] id: demo-01, time: 2025-10-05 16:00:47, lat: -16.32800, lon: -48.95300, course: 0.0, accuracy: 10.0
2025-10-05 16:01:08  INFO: [T29183e92: osmand < 172.18.0.1] GET /?id=demo-01&lat=-16.600&lon=-48.953&accuracy=10 HTTP/1.1\r\nUser-Agent: Mozilla/5.0 (Windows NT; Windows NT 10.0; pt-BR) WindowsPowerShell/5.1.26100.6584\r\nHost: localhost:5055\r\n\r\n
2025-10-05 16:01:08  INFO: [T29183e92: osmand > 172.18.0.1] HTTP/1.1 200 OK\r\ncontent-length: 0\r\n\r\n
2025-10-05 16:01:11  INFO: [T29183e92] id: demo-01, time: 2025-10-05 16:01:08, lat: -16.60000, lon: -48.95300, course: 0.0, accuracy: 10.0
2025-10-05 16:01:43  INFO: [T29183e92: osmand < 172.18.0.1] GET /?id=demo-01&lat=-16.600&lon=-48.953&accuracy=10 HTTP/1.1\r\nUser-Agent: Mozilla/5.0 (Windows NT; Windows NT 10.0; pt-BR) WindowsPowerShell/5.1.26100.6584\r\nHost: localhost:5055\r\n\r\n
2025-10-05 16:01:43  INFO: [T29183e92: osmand > 172.18.0.1] HTTP/1.1 200 OK\r\ncontent-length: 0\r\n\r\n
2025-10-05 16:01:46  INFO: [T29183e92] id: demo-01, time: 2025-10-05 16:01:43, lat: -16.60000, lon: -48.95300, course: 0.0, accuracy: 10.0
2025-10-05 16:02:17  INFO: [T29183e92: osmand < 172.18.0.1] GET /?id=demo-01&lat=-16.328&lon=-48.953&accuracy=10 HTTP/1.1\r\nUser-Agent: Mozilla/5.0 (Windows NT; Windows NT 10.0; pt-BR) WindowsPowerShell/5.1.26100.6584\r\nHost: localhost:5055\r\n\r\n
2025-10-05 16:02:17  INFO: [T29183e92: osmand > 172.18.0.1] HTTP/1.1 200 OK\r\ncontent-length: 0\r\n\r\n
2025-10-05 16:02:21  INFO: [T29183e92] id: demo-01, time: 2025-10-05 16:02:17, lat: -16.32800, lon: -48.95300, course: 0.0, accuracy: 10.0
2025-10-05 16:02:49  INFO: [T29183e92: osmand < 172.18.0.1] GET /?id=demo-01&lat=-16.321&lon=-48.953&accuracy=10 HTTP/1.1\r\nUser-Agent: Mozilla/5.0 (Windows NT; Windows NT 10.0; pt-BR) WindowsPowerShell/5.1.26100.6584\r\nHost: localhost:5055\r\n\r\n
2025-10-05 16:02:49  INFO: [T29183e92: osmand > 172.18.0.1] HTTP/1.1 200 OK\r\ncontent-length: 0\r\n\r\n
2025-10-05 16:02:52  INFO: [T29183e92] id: demo-01, time: 2025-10-05 16:02:49, lat: -16.32100, lon: -48.95300, course: 0.0, accuracy: 10.0
2025-10-05 16:03:16  INFO: [T29183e92: osmand < 172.18.0.1] GET /?id=demo-02&lat=-16.324&lon=-48.953&accuracy=10 HTTP/1.1\r\nUser-Agent: Mozilla/5.0 (Windows NT; Windows NT 10.0; pt-BR) WindowsPowerShell/5.1.26100.6584\r\nHost: localhost:5055\r\n\r\n
2025-10-05 16:03:16  INFO: [T29183e92: osmand > 172.18.0.1] HTTP/1.1 200 OK\r\ncontent-length: 0\r\n\r\n
2025-10-05 16:03:16  INFO: Event id: demo-02, time: 2025-10-05 16:03:16, type: deviceOnline, notifications: 0
2025-10-05 16:03:19  INFO: Skipping notifications for old event
2025-10-05 16:03:19  INFO: [T29183e92] id: demo-02, time: 2025-10-05 16:03:16, lat: -16.32400, lon: -48.95300, course: 0.0, accuracy: 10.0
2025-10-05 16:04:45  INFO: [T29183e92: osmand < 172.18.0.1] GET /?id=demo-01&lat=-16.328&lon=-48.953&accuracy=10 HTTP/1.1\r\nUser-Agent: Mozilla/5.0 (Windows NT; Windows NT 10.0; pt-BR) WindowsPowerShell/5.1.26100.6584\r\nHost: localhost:5055\r\n\r\n
2025-10-05 16:04:45  INFO: [T29183e92: osmand > 172.18.0.1] HTTP/1.1 200 OK\r\ncontent-length: 0\r\n\r\n
2025-10-05 16:04:48  INFO: [T29183e92] id: demo-01, time: 2025-10-05 16:04:45, lat: -16.32800, lon: -48.95300, course: 0.0, accuracy: 10.0
2025-10-05 16:06:25  INFO: [T29183e92] disconnected
2025-10-05 16:14:45  INFO: Event id: demo-01, time: 2025-10-05 16:14:45, type: deviceUnknown, notifications: 0
2025-10-05 18:14:46  INFO: [T30b6673f] connected
2025-10-05 18:14:46  INFO: [T30b6673f: osmand < 172.18.0.1] GET /?id=demo-02&lat=-16.328&lon=-48.953&accuracy=10 HTTP/1.1\r\nUser-Agent: Mozilla/5.0 (Windows NT; Windows NT 10.0; pt-BR) WindowsPowerShell/5.1.26100.6584\r\nHost: localhost:5055\r\nConnection: Keep-Alive\r\n\r\n
2025-10-05 18:14:46  INFO: [T30b6673f: osmand > 172.18.0.1] HTTP/1.1 200 OK\r\ncontent-length: 0\r\n\r\n
2025-10-05 18:14:46  INFO: Event id: demo-02, time: 2025-10-05 18:14:46, type: deviceOnline, notifications: 0
2025-10-05 18:14:49  INFO: [T30b6673f] id: demo-02, time: 2025-10-05 18:14:46, lat: -16.32800, lon: -48.95300, course: 0.0, accuracy: 10.0
2025-10-05 18:15:22  INFO: [T30b6673f: osmand < 172.18.0.1] GET /?id=demo-02&lat=-16.550&lon=-48.953&accuracy=10 HTTP/1.1\r\nUser-Agent: Mozilla/5.0 (Windows NT; Windows NT 10.0; pt-BR) WindowsPowerShell/5.1.26100.6584\r\nHost: localhost:5055\r\n\r\n
2025-10-05 18:15:22  INFO: [T30b6673f: osmand > 172.18.0.1] HTTP/1.1 200 OK\r\ncontent-length: 0\r\n\r\n
2025-10-05 18:15:25  INFO: [T30b6673f] id: demo-02, time: 2025-10-05 18:15:22, lat: -16.55000, lon: -48.95300, course: 0.0, accuracy: 10.0
2025-10-05 18:17:02  INFO: [T30b6673f] disconnected
2025-10-05 18:25:22  INFO: Event id: demo-02, time: 2025-10-05 18:25:22, type: deviceUnknown, notifications: 0
2025-10-06 01:43:31  INFO: Operating system name: Linux version: 6.6.87.2-microsoft-standard-WSL2 architecture: amd64
2025-10-06 01:43:31  INFO: Java runtime name: OpenJDK 64-Bit Server VM vendor: Eclipse Adoptium version: 21.0.8+9-LTS
2025-10-06 01:43:31  INFO: Memory limit heap: 942mb non-heap: 0mb
2025-10-06 01:43:31  INFO: Character encoding: UTF-8
2025-10-06 01:43:31  INFO: Version: 6.10.0
2025-10-06 01:43:31  INFO: Starting server...
2025-10-06 01:43:31  INFO: HikariPool-1 - Starting...
2025-10-06 01:43:32  INFO: HikariPool-1 - Added connection conn0: url=jdbc:h2:./data/database user=SA
2025-10-06 01:43:32  INFO: HikariPool-1 - Start completed.
2025-10-06 01:43:32  INFO: Set default schema name to PUBLIC
2025-10-06 01:43:33  INFO: Successfully acquired change log lock
2025-10-06 01:43:33  INFO: Clearing database change log checksums for database h2
2025-10-06 01:43:33  INFO: Successfully released change log lock
2025-10-06 01:43:33  INFO: Command execution complete
2025-10-06 01:43:34  INFO: Reading from PUBLIC.DATABASECHANGELOG
2025-10-06 01:43:35  INFO: Reading from PUBLIC.DATABASECHANGELOG
2025-10-06 01:43:35  INFO: Reading from PUBLIC.DATABASECHANGELOG
2025-10-06 01:43:35  INFO: UPDATE SUMMARY
2025-10-06 01:43:35  INFO: Run:                          0
2025-10-06 01:43:35  INFO: Previously run:              28
2025-10-06 01:43:35  INFO: Filtered out:                 0
2025-10-06 01:43:35  INFO: -------------------------------
2025-10-06 01:43:35  INFO: Total change sets:           28
2025-10-06 01:43:35  INFO: Update summary generated
2025-10-06 01:43:35  INFO: Command execution complete
2025-10-06 01:43:37  INFO: jetty-12.1.1; built: 2025-09-08T04:29:45.457Z; git: b7068950f9afa5f1df80e46053eda1d982895b03; jvm 21.0.8+9-LTS
2025-10-06 01:43:37  INFO: Session workerName=node0
2025-10-06 01:43:37  INFO: Started oeje10s.ServletContextHandler@6d31f14{ROOT,/,b=file:///opt/traccar/web/,a=AVAILABLE,h=oeje10s.SessionHandler@404009df{STARTED}}
2025-10-06 01:43:38  INFO: Started oeje10s.ServletContextHandler@6d31f14{ROOT,/,b=file:///opt/traccar/web/,a=AVAILABLE,h=oeje10s.SessionHandler@404009df{STARTED}}
2025-10-06 01:43:38  INFO: Started oejs.ServerConnector@1d0f7bcf{HTTP/1.1, (http/1.1)}{0.0.0.0:8082}
2025-10-06 01:43:38  INFO: Started oejs.Server@3346e906{STARTING}[12.1.1,sto=0] @9542ms
2025-10-06 05:16:35  INFO: Operating system name: Linux version: 6.6.87.2-microsoft-standard-WSL2 architecture: amd64
2025-10-06 05:16:35  INFO: Java runtime name: OpenJDK 64-Bit Server VM vendor: Eclipse Adoptium version: 21.0.8+9-LTS
2025-10-06 05:16:35  INFO: Memory limit heap: 942mb non-heap: 0mb
2025-10-06 05:16:35  INFO: Character encoding: UTF-8
2025-10-06 05:16:35  INFO: Version: 6.10.0
2025-10-06 05:16:35  INFO: Starting server...
2025-10-06 05:16:35  INFO: HikariPool-1 - Starting...
2025-10-06 05:16:36  INFO: HikariPool-1 - Added connection conn0: url=jdbc:h2:./data/database user=SA
2025-10-06 05:16:36  INFO: HikariPool-1 - Start completed.
2025-10-06 05:16:36  INFO: Set default schema name to PUBLIC
2025-10-06 05:16:36  INFO: Successfully acquired change log lock
2025-10-06 05:16:36  INFO: Clearing database change log checksums for database h2
2025-10-06 05:16:36  INFO: Successfully released change log lock
2025-10-06 05:16:36  INFO: Command execution complete
2025-10-06 05:16:37  INFO: Reading from PUBLIC.DATABASECHANGELOG
2025-10-06 05:16:37  INFO: Reading from PUBLIC.DATABASECHANGELOG
2025-10-06 05:16:37  INFO: Reading from PUBLIC.DATABASECHANGELOG
2025-10-06 05:16:37  INFO: UPDATE SUMMARY
2025-10-06 05:16:37  INFO: Run:                          0
2025-10-06 05:16:37  INFO: Previously run:              28
2025-10-06 05:16:37  INFO: Filtered out:                 0
2025-10-06 05:16:37  INFO: -------------------------------
2025-10-06 05:16:37  INFO: Total change sets:           28
2025-10-06 05:16:37  INFO: Update summary generated
2025-10-06 05:16:37  INFO: Command execution complete
2025-10-06 05:16:39  INFO: jetty-12.1.1; built: 2025-09-08T04:29:45.457Z; git: b7068950f9afa5f1df80e46053eda1d982895b03; jvm 21.0.8+9-LTS
2025-10-06 05:16:39  INFO: Session workerName=node0
2025-10-06 05:16:39  INFO: Started oeje10s.ServletContextHandler@6d31f14{ROOT,/,b=file:///opt/traccar/web/,a=AVAILABLE,h=oeje10s.SessionHandler@404009df{STARTED}}
2025-10-06 05:16:39  INFO: Started oeje10s.ServletContextHandler@6d31f14{ROOT,/,b=file:///opt/traccar/web/,a=AVAILABLE,h=oeje10s.SessionHandler@404009df{STARTED}}
2025-10-06 05:16:39  INFO: Started oejs.ServerConnector@1d0f7bcf{HTTP/1.1, (http/1.1)}{0.0.0.0:8082}
2025-10-06 05:16:39  INFO: Started oejs.Server@3346e906{STARTING}[12.1.1,sto=0] @7290ms
2025-10-06 05:46:56  INFO: login failed from: 172.18.0.1
2025-10-06 05:46:57  INFO: login failed from: 172.18.0.1
2025-10-06 05:47:00  INFO: login failed from: 172.18.0.1
2025-10-06 05:47:04  INFO: login failed from: 172.18.0.1
